0 info it worked if it ends with ok
1 verbose cli [ 'c:\\Program Files\\nodejs\\node.exe',
1 verbose cli   'c:\\Program Files\\nodejs\\node_modules\\npm\\bin\\npm-cli.js',
1 verbose cli   'start' ]
2 info using npm@3.10.10
3 info using node@v6.9.4
4 verbose run-script [ 'prestart', 'start', 'poststart' ]
5 info lifecycle project@0.1.0~prestart: project@0.1.0
6 silly lifecycle project@0.1.0~prestart: no script for prestart, continuing
7 info lifecycle project@0.1.0~start: project@0.1.0
8 verbose lifecycle project@0.1.0~start: unsafe-perm in lifecycle true
9 verbose lifecycle project@0.1.0~start: PATH: c:\Program Files\nodejs\node_modules\npm\bin\node-gyp-bin;e:\GUC\SEMESTER 10\Front-end\Final project\project\node_modules\.bin;c:\Users\Ahmed El-Wakeel\bin;.;C:\Program Files (x86)\Git\local\bin;C:\Program Files (x86)\Git\mingw\bin;C:\Program Files (x86)\Git\bin;C:\Program Files (x86)\Git\bin;c:\Windows\system32;c:\Windows;c:\Windows\System32\Wbem;c:\Windows\System32\WindowsPowerShell\v1.0\;c:\Program Files (x86)\Skype\Phone\;c:\Program Files\nodejs\;c:\Program Files (x86)\Java\jdk1.6.0_22\bin;c:\RailsInstaller\Git\cmd;c:\RailsInstaller\Ruby2.1.0\bin;c:\Program Files (x86)\FreeArc\bin;c:\Users\Ahmed El-Wakeel\AppData\Roaming\npm
10 verbose lifecycle project@0.1.0~start: CWD: e:\GUC\SEMESTER 10\Front-end\Final project\project
11 silly lifecycle project@0.1.0~start: Args: [ '/d /s /c', 'react-scripts start' ]
12 silly lifecycle project@0.1.0~start: Returned: code: 1  signal: null
13 info lifecycle project@0.1.0~start: Failed to exec start script
14 verbose stack Error: project@0.1.0 start: `react-scripts start`
14 verbose stack Exit status 1
14 verbose stack     at EventEmitter.<anonymous> (c:\Program Files\nodejs\node_modules\npm\lib\utils\lifecycle.js:255:16)
14 verbose stack     at emitTwo (events.js:106:13)
14 verbose stack     at EventEmitter.emit (events.js:191:7)
14 verbose stack     at ChildProcess.<anonymous> (c:\Program Files\nodejs\node_modules\npm\lib\utils\spawn.js:40:14)
14 verbose stack     at emitTwo (events.js:106:13)
14 verbose stack     at ChildProcess.emit (events.js:191:7)
14 verbose stack     at maybeClose (internal/child_process.js:877:16)
14 verbose stack     at Process.ChildProcess._handle.onexit (internal/child_process.js:226:5)
15 verbose pkgid project@0.1.0
16 verbose cwd e:\GUC\SEMESTER 10\Front-end\Final project\project\src
17 error Windows_NT 6.2.9200
18 error argv "c:\\Program Files\\nodejs\\node.exe" "c:\\Program Files\\nodejs\\node_modules\\npm\\bin\\npm-cli.js" "start"
19 error node v6.9.4
20 error npm  v3.10.10
21 error code ELIFECYCLE
22 error project@0.1.0 start: `react-scripts start`
22 error Exit status 1
23 error Failed at the project@0.1.0 start script 'react-scripts start'.
23 error Make sure you have the latest version of node.js and npm installed.
23 error If you do, this is most likely a problem with the project package,
23 error not with npm itself.
23 error Tell the author that this fails on your system:
23 error     react-scripts start
23 error You can get information on how to open an issue for this project with:
23 error     npm bugs project
23 error Or if that isn't available, you can get their info via:
23 error     npm owner ls project
23 error There is likely additional logging output above.
24 verbose exit [ 1, true ]
